<?xml version="1.0" encoding="UTF-8"?>
<testsuite xmlns:xsi="http://www.w3.org/2001/XMLSchema-instance" xsi:noNamespaceSchemaLocation="https://maven.apache.org/surefire/maven-surefire-plugin/xsd/surefire-test-report.xsd" version="3.0.1" name="runnerFiles.TestRunner" time="0.443" tests="1" errors="1" skipped="0" failures="0">
  <properties>
    <property name="java.specification.version" value="17"/>
    <property name="sun.cpu.isalist" value="amd64"/>
    <property name="sun.jnu.encoding" value="Cp1252"/>
    <property name="java.class.path" value="C:\Users\NISHTHA MISHRA\OneDrive\Documents\etlproject\cucumber-maven\target\test-classes;C:\Users\NISHTHA MISHRA\OneDrive\Documents\etlproject\cucumber-maven\target\classes;C:\Users\NISHTHA MISHRA\.m2\repository\org\junit\jupiter\junit-jupiter-api\5.11.0\junit-jupiter-api-5.11.0.jar;C:\Users\NISHTHA MISHRA\.m2\repository\org\opentest4j\opentest4j\1.3.0\opentest4j-1.3.0.jar;C:\Users\NISHTHA MISHRA\.m2\repository\org\junit\platform\junit-platform-commons\1.11.0\junit-platform-commons-1.11.0.jar;C:\Users\NISHTHA MISHRA\.m2\repository\org\apiguardian\apiguardian-api\1.1.2\apiguardian-api-1.1.2.jar;C:\Users\NISHTHA MISHRA\.m2\repository\org\junit\jupiter\junit-jupiter-params\5.11.0\junit-jupiter-params-5.11.0.jar;C:\Users\NISHTHA MISHRA\.m2\repository\mysql\mysql-connector-java\8.0.28\mysql-connector-java-8.0.28.jar;C:\Users\NISHTHA MISHRA\.m2\repository\com\google\protobuf\protobuf-java\3.11.4\protobuf-java-3.11.4.jar;C:\Users\NISHTHA MISHRA\.m2\repository\io\cucumber\cucumber-java\7.0.0\cucumber-java-7.0.0.jar;C:\Users\NISHTHA MISHRA\.m2\repository\io\cucumber\cucumber-core\7.0.0\cucumber-core-7.0.0.jar;C:\Users\NISHTHA MISHRA\.m2\repository\io\cucumber\cucumber-gherkin\7.0.0\cucumber-gherkin-7.0.0.jar;C:\Users\NISHTHA MISHRA\.m2\repository\io\cucumber\cucumber-gherkin-messages\7.0.0\cucumber-gherkin-messages-7.0.0.jar;C:\Users\NISHTHA MISHRA\.m2\repository\io\cucumber\messages\17.1.1\messages-17.1.1.jar;C:\Users\NISHTHA MISHRA\.m2\repository\io\cucumber\tag-expressions\4.0.2\tag-expressions-4.0.2.jar;C:\Users\NISHTHA MISHRA\.m2\repository\io\cucumber\cucumber-expressions\13.0.1\cucumber-expressions-13.0.1.jar;C:\Users\NISHTHA MISHRA\.m2\repository\io\cucumber\datatable\7.0.0\datatable-7.0.0.jar;C:\Users\NISHTHA MISHRA\.m2\repository\io\cucumber\cucumber-plugin\7.0.0\cucumber-plugin-7.0.0.jar;C:\Users\NISHTHA MISHRA\.m2\repository\io\cucumber\docstring\7.0.0\docstring-7.0.0.jar;C:\Users\NISHTHA MISHRA\.m2\repository\io\cucumber\html-formatter\17.0.0\html-formatter-17.0.0.jar;C:\Users\NISHTHA MISHRA\.m2\repository\io\cucumber\create-meta\6.0.1\create-meta-6.0.1.jar;C:\Users\NISHTHA MISHRA\.m2\repository\io\cucumber\cucumber-junit\7.0.0\cucumber-junit-7.0.0.jar;C:\Users\NISHTHA MISHRA\.m2\repository\junit\junit\4.13.2\junit-4.13.2.jar;C:\Users\NISHTHA MISHRA\.m2\repository\org\hamcrest\hamcrest-core\1.3\hamcrest-core-1.3.jar;"/>
    <property name="java.vm.vendor" value="Oracle Corporation"/>
    <property name="sun.arch.data.model" value="64"/>
    <property name="user.variant" value=""/>
    <property name="java.vendor.url" value="https://java.oracle.com/"/>
    <property name="user.timezone" value="Asia/Calcutta"/>
    <property name="os.name" value="Windows 11"/>
    <property name="java.vm.specification.version" value="17"/>
    <property name="sun.java.launcher" value="SUN_STANDARD"/>
    <property name="user.country" value="IN"/>
    <property name="sun.boot.library.path" value="C:\Program Files\Java\jdk-17\bin"/>
    <property name="sun.java.command" value="C:\Users\NISHTHA MISHRA\AppData\Local\Temp\surefire511871406034046292\surefirebooter-20241128004823690_3.jar C:\Users\NISHTHA MISHRA\AppData\Local\Temp\surefire511871406034046292 2024-11-28T00-48-21_420-jvmRun1 surefire-20241128004823690_1tmp surefire_0-20241128004823690_2tmp"/>
    <property name="jdk.debug" value="release"/>
    <property name="surefire.test.class.path" value="C:\Users\NISHTHA MISHRA\OneDrive\Documents\etlproject\cucumber-maven\target\test-classes;C:\Users\NISHTHA MISHRA\OneDrive\Documents\etlproject\cucumber-maven\target\classes;C:\Users\NISHTHA MISHRA\.m2\repository\org\junit\jupiter\junit-jupiter-api\5.11.0\junit-jupiter-api-5.11.0.jar;C:\Users\NISHTHA MISHRA\.m2\repository\org\opentest4j\opentest4j\1.3.0\opentest4j-1.3.0.jar;C:\Users\NISHTHA MISHRA\.m2\repository\org\junit\platform\junit-platform-commons\1.11.0\junit-platform-commons-1.11.0.jar;C:\Users\NISHTHA MISHRA\.m2\repository\org\apiguardian\apiguardian-api\1.1.2\apiguardian-api-1.1.2.jar;C:\Users\NISHTHA MISHRA\.m2\repository\org\junit\jupiter\junit-jupiter-params\5.11.0\junit-jupiter-params-5.11.0.jar;C:\Users\NISHTHA MISHRA\.m2\repository\mysql\mysql-connector-java\8.0.28\mysql-connector-java-8.0.28.jar;C:\Users\NISHTHA MISHRA\.m2\repository\com\google\protobuf\protobuf-java\3.11.4\protobuf-java-3.11.4.jar;C:\Users\NISHTHA MISHRA\.m2\repository\io\cucumber\cucumber-java\7.0.0\cucumber-java-7.0.0.jar;C:\Users\NISHTHA MISHRA\.m2\repository\io\cucumber\cucumber-core\7.0.0\cucumber-core-7.0.0.jar;C:\Users\NISHTHA MISHRA\.m2\repository\io\cucumber\cucumber-gherkin\7.0.0\cucumber-gherkin-7.0.0.jar;C:\Users\NISHTHA MISHRA\.m2\repository\io\cucumber\cucumber-gherkin-messages\7.0.0\cucumber-gherkin-messages-7.0.0.jar;C:\Users\NISHTHA MISHRA\.m2\repository\io\cucumber\messages\17.1.1\messages-17.1.1.jar;C:\Users\NISHTHA MISHRA\.m2\repository\io\cucumber\tag-expressions\4.0.2\tag-expressions-4.0.2.jar;C:\Users\NISHTHA MISHRA\.m2\repository\io\cucumber\cucumber-expressions\13.0.1\cucumber-expressions-13.0.1.jar;C:\Users\NISHTHA MISHRA\.m2\repository\io\cucumber\datatable\7.0.0\datatable-7.0.0.jar;C:\Users\NISHTHA MISHRA\.m2\repository\io\cucumber\cucumber-plugin\7.0.0\cucumber-plugin-7.0.0.jar;C:\Users\NISHTHA MISHRA\.m2\repository\io\cucumber\docstring\7.0.0\docstring-7.0.0.jar;C:\Users\NISHTHA MISHRA\.m2\repository\io\cucumber\html-formatter\17.0.0\html-formatter-17.0.0.jar;C:\Users\NISHTHA MISHRA\.m2\repository\io\cucumber\create-meta\6.0.1\create-meta-6.0.1.jar;C:\Users\NISHTHA MISHRA\.m2\repository\io\cucumber\cucumber-junit\7.0.0\cucumber-junit-7.0.0.jar;C:\Users\NISHTHA MISHRA\.m2\repository\junit\junit\4.13.2\junit-4.13.2.jar;C:\Users\NISHTHA MISHRA\.m2\repository\org\hamcrest\hamcrest-core\1.3\hamcrest-core-1.3.jar;"/>
    <property name="sun.cpu.endian" value="little"/>
    <property name="user.home" value="C:\Users\NISHTHA MISHRA"/>
    <property name="user.language" value="en"/>
    <property name="java.specification.vendor" value="Oracle Corporation"/>
    <property name="java.version.date" value="2023-10-17"/>
    <property name="java.home" value="C:\Program Files\Java\jdk-17"/>
    <property name="file.separator" value="\"/>
    <property name="basedir" value="C:\Users\NISHTHA MISHRA\OneDrive\Documents\etlproject\cucumber-maven"/>
    <property name="java.vm.compressedOopsMode" value="Zero based"/>
    <property name="line.separator" value="&#10;"/>
    <property name="java.vm.specification.vendor" value="Oracle Corporation"/>
    <property name="java.specification.name" value="Java Platform API Specification"/>
    <property name="surefire.real.class.path" value="C:\Users\NISHTHA MISHRA\AppData\Local\Temp\surefire511871406034046292\surefirebooter-20241128004823690_3.jar"/>
    <property name="user.script" value=""/>
    <property name="sun.management.compiler" value="HotSpot 64-Bit Tiered Compilers"/>
    <property name="java.runtime.version" value="17.0.9+11-LTS-201"/>
    <property name="user.name" value="NISHTHA MISHRA"/>
    <property name="path.separator" value=";"/>
    <property name="os.version" value="10.0"/>
    <property name="java.runtime.name" value="Java(TM) SE Runtime Environment"/>
    <property name="file.encoding" value="Cp1252"/>
    <property name="java.vm.name" value="Java HotSpot(TM) 64-Bit Server VM"/>
    <property name="localRepository" value="C:\Users\NISHTHA MISHRA\.m2\repository"/>
    <property name="java.vendor.url.bug" value="https://bugreport.java.com/bugreport/"/>
    <property name="java.io.tmpdir" value="C:\Users\NISHTH~1\AppData\Local\Temp\"/>
    <property name="java.version" value="17.0.9"/>
    <property name="user.dir" value="C:\Users\NISHTHA MISHRA\OneDrive\Documents\etlproject\cucumber-maven"/>
    <property name="os.arch" value="amd64"/>
    <property name="java.vm.specification.name" value="Java Virtual Machine Specification"/>
    <property name="sun.os.patch.level" value=""/>
    <property name="native.encoding" value="Cp1252"/>
    <property name="java.library.path" value="C:\Program Files\Java\jdk-17\bin;C:\WINDOWS\Sun\Java\bin;C:\WINDOWS\system32;C:\WINDOWS;C:\python;C:\python\Scripts;C:\Users\NISHTHA MISHRA\AppData\Roaming\Python\Python310\site-packages\robot;C:\Program Files\Common Files\Oracle\Java\javapath;C:\Program Files (x86)\Common Files\Oracle\Java\java8path;C:\Program Files (x86)\Common Files\Oracle\Java\javapath;C:\WINDOWS\system32;C:\WINDOWS;C:\WINDOWS\System32\Wbem;C:\WINDOWS\System32\WindowsPowerShell\v1.0\;C:\WINDOWS\System32\OpenSSH\;C:\Program Files\Git\cmd;C:\Program Files\Docker\Docker\resources\bin;C:\ProgramData\DockerDesktop\version-bin;C:\Program Files\nodejs\;C:\Program Files\MySQL\MySQL Shell 8.0\bin\;C:\Users\NISHTHA MISHRA\AppData\Local\Microsoft\WindowsApps;C:\Users\NISHTHA MISHRA\AppData\Local\Programs\Microsoft VS Code\bin;C:\Program Files\Java\jdk-11.0.14\bin;C:\Users\NISHTHA MISHRA\Downloads\apache-maven-3.8.6-bin\apache-maven-3.8.6\bin;C:\Users\NISHTHA MISHRA\OneDrive\Documents\oppenheimer-project-dev\resources\driver\chromedriver.exe;C:\Users\NISHTHA MISHRA\AppData\Roaming\npm;."/>
    <property name="java.vm.info" value="mixed mode, sharing"/>
    <property name="java.vendor" value="Oracle Corporation"/>
    <property name="java.vm.version" value="17.0.9+11-LTS-201"/>
    <property name="sun.io.unicode.encoding" value="UnicodeLittle"/>
    <property name="java.class.version" value="61.0"/>
  </properties>
  <testcase name="Extract data from file and load into database" classname="Data Extraction and Database Loading" time="0.089">
    <error message="The step &apos;a CSV file &quot;data.csv&quot; with data&apos; and 2 other step(s) are undefined.&#10;You can implement these steps using the snippet(s) below:&#10;&#10;@Given(&quot;a CSV file {string} with data&quot;)&#10;public void a_csv_file_with_data(String string) {&#10;    // Write code here that turns the phrase above into concrete actions&#10;    throw new io.cucumber.java.PendingException();&#10;}&#10;@When(&quot;the data is extracted and transformed&quot;)&#10;public void the_data_is_extracted_and_transformed() {&#10;    // Write code here that turns the phrase above into concrete actions&#10;    throw new io.cucumber.java.PendingException();&#10;}&#10;@Then(&quot;the transformed data should be loaded into the database&quot;)&#10;public void the_transformed_data_should_be_loaded_into_the_database() {&#10;    // Write code here that turns the phrase above into concrete actions&#10;    throw new io.cucumber.java.PendingException();&#10;}&#10;" type="io.cucumber.junit.UndefinedStepException"><![CDATA[io.cucumber.junit.UndefinedStepException: 
The step 'a CSV file "data.csv" with data' and 2 other step(s) are undefined.
You can implement these steps using the snippet(s) below:

@Given("a CSV file {string} with data")
public void a_csv_file_with_data(String string) {
    // Write code here that turns the phrase above into concrete actions
    throw new io.cucumber.java.PendingException();
}
@When("the data is extracted and transformed")
public void the_data_is_extracted_and_transformed() {
    // Write code here that turns the phrase above into concrete actions
    throw new io.cucumber.java.PendingException();
}
@Then("the transformed data should be loaded into the database")
public void the_transformed_data_should_be_loaded_into_the_database() {
    // Write code here that turns the phrase above into concrete actions
    throw new io.cucumber.java.PendingException();
}

]]></error>
    <system-out><![CDATA[
@tag @tag1
Scenario: Extract data from file and load into database        &amp#27;[90m# src/test/java/cucumber_maven/features/DataExtraction.feature:24&amp#27;[0m
  &amp#27;[33mGiven &amp#27;[0m&amp#27;[33ma CSV file "data.csv" with data&amp#27;[0m
  &amp#27;[36mWhen &amp#27;[0m&amp#27;[36mthe data is extracted and transformed&amp#27;[0m
  &amp#27;[36mThen &amp#27;[0m&amp#27;[36mthe transformed data should be loaded into the database&amp#27;[0m
]]></system-out>
  </testcase>
</testsuite>