<?xml version="1.0" encoding="UTF-8"?>
<!-- Generated by org.testng.reporters.JUnitReportReporter -->
<testsuite hostname="LAPTOP-T0CQONB0" failures="2" tests="13" name="runnerFiles.TestRunner" time="5.782" errors="0" timestamp="2025-02-23T02:04:16 SGT" skipped="0">
  <testcase classname="runnerFiles.TestRunner" name="runScenario" time="0.396"/>
  <testcase classname="runnerFiles.TestRunner" name="runScenario" time="0.027"/>
  <testcase classname="runnerFiles.TestRunner" name="runScenario" time="0.033"/>
  <testcase classname="runnerFiles.TestRunner" name="runScenario" time="0.914"/>
  <testcase classname="runnerFiles.TestRunner" name="runScenario" time="0.032">
    <failure message="Duplicate PatientID found: P001" type="java.lang.AssertionError">
      <![CDATA[java.lang.AssertionError: Duplicate PatientID found: P001
at org.junit.Assert.fail(Assert.java:89)
at stepDefinitions.Datavalidationsteps.i_should_see_no_duplicate_patient_ids(Datavalidationsteps.java:111)
at ✽.I should see no duplicate PatientIDs(file:///C:/Users/NISHTHA%20MISHRA/OneDrive/Desktop/ETL_Automation_Data/src/test/java/cucumber_maven/featurestest/MergeClaims.feature:12)
]]>
    </failure>
  </testcase> <!-- runScenario -->
  <testcase classname="runnerFiles.TestRunner" name="runScenario" time="0.032"/>
  <testcase classname="runnerFiles.TestRunner" name="runScenario" time="0.028"/>
  <testcase classname="runnerFiles.TestRunner" name="runScenario" time="0.027"/>
  <testcase classname="runnerFiles.TestRunner" name="runScenario" time="0.035"/>
  <testcase classname="runnerFiles.TestRunner" name="runScenario" time="1.179"/>
  <testcase classname="runnerFiles.TestRunner" name="runScenario" time="0.381"/>
  <testcase classname="runnerFiles.TestRunner" name="runScenario" time="0.398">
    <failure message="Status code does not match
Expected: &lt;400&gt;
     but: was &lt;200&gt;" type="java.lang.AssertionError">
      <![CDATA[java.lang.AssertionError: Status code does not match
Expected: <400>
     but: was <200>
at org.hamcrest.MatcherAssert.assertThat(MatcherAssert.java:18)
at stepDefinitions.BookStepDefinitions.verify_status_code(BookStepDefinitions.java:75)
at ✽.the status code is 400(file:///C:/Users/NISHTHA%20MISHRA/OneDrive/Desktop/ETL_Automation_Data/src/test/java/cucumber_maven/featurestest/ApiResponse.feature:44)
]]>
    </failure>
  </testcase> <!-- runScenario -->
  <testcase classname="runnerFiles.TestRunner" name="runScenario" time="2.300"/>
</testsuite> <!-- runnerFiles.TestRunner -->
