<?xml version="1.0" encoding="UTF-8"?>
<!-- Generated by org.testng.reporters.JUnitReportReporter -->
<testsuite hostname="LAPTOP-T0CQONB0" failures="0" tests="1" name="runnerFiles.TestRunner" time="0.099" errors="0" timestamp="2024-11-29T09:09:39 IST" skipped="0">
  <testcase classname="runnerFiles.TestRunner" name="runScenario" time="0.099"/>
</testsuite> <!-- runnerFiles.TestRunner -->
